INFO -- 2020-04-26 22:22:41,730 -- "Dias" user created
WARNING -- 2020-04-26 22:22:41,730 -- "Dias" user created
ERROR -- 2020-04-26 22:22:41,730 -- "Dias" user created
CRITICAL -- 2020-04-26 22:22:41,731 -- "Dias" user created
INFO -- 2020-04-26 22:30:01,986 -- "Omirzak" user created
WARNING -- 2020-04-26 22:30:01,988 -- "Omirzak" user created
ERROR -- 2020-04-26 22:30:01,989 -- "Omirzak" user created
CRITICAL -- 2020-04-26 22:30:01,990 -- "Omirzak" user created
INFO -- 2020-04-26 22:31:06,732 -- "Mynzhassar" user created
WARNING -- 2020-04-26 22:31:06,733 -- "Mynzhassar" user created
ERROR -- 2020-04-26 22:31:06,733 -- "Mynzhassar" user created
CRITICAL -- 2020-04-26 22:31:06,734 -- "Mynzhassar" user created
INFO -- 2020-04-26 22:34:31,439 -- "Puma" user created
WARNING -- 2020-04-26 22:34:31,441 -- "Puma" user created
ERROR -- 2020-04-26 22:34:31,441 -- "Puma" user created
CRITICAL -- 2020-04-26 22:34:31,442 -- "Puma" user created
INFO -- 2020-04-26 22:39:20,034 -- "Pumalcn" user created
WARNING -- 2020-04-26 22:39:20,035 -- "Pumalcn" user created
ERROR -- 2020-04-26 22:39:20,036 -- "Pumalcn" user created
CRITICAL -- 2020-04-26 22:39:20,038 -- "Pumalcn" user created
