INFO -- 2020-04-26 22:24:49,943 -- "diamond" clinic created
WARNING -- 2020-04-26 22:24:49,944 -- "diamond" clinic created
ERROR -- 2020-04-26 22:24:49,946 -- "diamond" clinic created
CRITICAL -- 2020-04-26 22:24:49,950 -- "diamond" clinic created
INFO -- 2020-04-27 04:04:37,319 -- pumaadmin created clinic: None
INFO -- 2020-04-27 04:05:44,297 -- pumaadmin created clinic: None
INFO -- 2020-04-27 06:23:54,163 -- client_1 created order: None
INFO -- 2020-04-27 06:24:21,635 -- client_1 created order: None
INFO -- 2020-04-27 06:25:02,384 -- client_1 created order: None
INFO -- 2020-04-27 06:27:13,756 -- client_1 created order: None
INFO -- 2020-04-27 09:58:44,040 -- pumaadmin created department: None
INFO -- 2020-04-27 10:57:12,041 -- django created clinic: None
INFO -- 2020-04-27 11:00:47,668 -- django created department: None
INFO -- 2020-04-27 11:01:05,430 -- django created department: None
INFO -- 2020-04-27 11:02:06,823 -- django created department: None
INFO -- 2020-04-27 11:02:42,786 -- django created department: None
INFO -- 2020-04-27 11:25:08,611 -- django created order: None
INFO -- 2020-04-27 11:26:33,205 -- django created order: None
INFO -- 2020-04-27 11:26:43,136 -- django created order: None
INFO -- 2020-04-27 11:28:32,417 -- django created order: None
INFO -- 2020-04-27 11:38:05,466 -- django created department: None
INFO -- 2020-04-27 11:42:55,155 -- django created department: None
INFO -- 2020-04-27 11:46:48,911 -- django created service: None
INFO -- 2020-04-27 11:47:32,726 -- django created service: None
INFO -- 2020-04-27 11:48:11,621 -- django created service: None
INFO -- 2020-04-27 12:23:31,546 -- "Clinic object (1)" clinic created
WARNING -- 2020-04-27 12:23:31,547 -- "Clinic object (1)" clinic created
ERROR -- 2020-04-27 12:23:31,547 -- "Clinic object (1)" clinic created
CRITICAL -- 2020-04-27 12:23:31,549 -- "Clinic object (1)" clinic created
INFO -- 2020-04-27 12:24:26,896 -- "Clinic object (2)" clinic created
WARNING -- 2020-04-27 12:24:26,897 -- "Clinic object (2)" clinic created
ERROR -- 2020-04-27 12:24:26,898 -- "Clinic object (2)" clinic created
CRITICAL -- 2020-04-27 12:24:26,898 -- "Clinic object (2)" clinic created
INFO -- 2020-04-27 12:31:56,779 -- Client1 created order: None
INFO -- 2020-04-27 12:34:33,776 -- Client1 created order: None
